[2023-09-13T09:19:44.806+0000] {processor.py:157} INFO - Started process (PID=30) to work on /opt/airflow/dags/first_dag.py
[2023-09-13T09:19:44.806+0000] {processor.py:829} INFO - Processing file /opt/airflow/dags/first_dag.py for tasks to queue
[2023-09-13T09:19:44.807+0000] {logging_mixin.py:151} INFO - [2023-09-13T09:19:44.807+0000] {dagbag.py:539} INFO - Filling up the DagBag from /opt/airflow/dags/first_dag.py
[2023-09-13T09:19:44.815+0000] {logging_mixin.py:151} INFO - starting
[2023-09-13T09:19:44.822+0000] {logging_mixin.py:151} INFO - All Dag modules are ok ........
[2023-09-13T09:19:44.897+0000] {logging_mixin.py:151} INFO - completed
[2023-09-13T09:19:44.902+0000] {processor.py:839} INFO - DAG(s) dict_keys(['first_dag']) retrieved from /opt/airflow/dags/first_dag.py
[2023-09-13T09:19:44.983+0000] {logging_mixin.py:151} INFO - [2023-09-13T09:19:44.983+0000] {manager.py:499} INFO - Created Permission View: %s
[2023-09-13T09:19:44.987+0000] {logging_mixin.py:151} INFO - [2023-09-13T09:19:44.987+0000] {manager.py:499} INFO - Created Permission View: %s
[2023-09-13T09:19:44.989+0000] {logging_mixin.py:151} INFO - [2023-09-13T09:19:44.989+0000] {manager.py:499} INFO - Created Permission View: %s
[2023-09-13T09:19:44.989+0000] {logging_mixin.py:151} INFO - [2023-09-13T09:19:44.989+0000] {security.py:708} INFO - Not syncing DAG-level permissions for DAG 'DAG:first_dag' as access control is unset.
[2023-09-13T09:19:44.989+0000] {logging_mixin.py:151} INFO - [2023-09-13T09:19:44.989+0000] {dag.py:2915} INFO - Sync 1 DAGs
[2023-09-13T09:19:44.993+0000] {logging_mixin.py:151} INFO - [2023-09-13T09:19:44.993+0000] {dag.py:2937} INFO - Creating ORM DAG for first_dag
[2023-09-13T09:19:44.998+0000] {logging_mixin.py:151} INFO - [2023-09-13T09:19:44.998+0000] {dag.py:3696} INFO - Setting next_dagrun for first_dag to 2023-09-12T00:00:00+00:00, run_after=2023-09-13T00:00:00+00:00
[2023-09-13T09:19:45.004+0000] {processor.py:179} INFO - Processing /opt/airflow/dags/first_dag.py took 0.200 seconds
[2023-09-13T09:20:15.170+0000] {processor.py:157} INFO - Started process (PID=39) to work on /opt/airflow/dags/first_dag.py
[2023-09-13T09:20:15.170+0000] {processor.py:829} INFO - Processing file /opt/airflow/dags/first_dag.py for tasks to queue
[2023-09-13T09:20:15.173+0000] {logging_mixin.py:151} INFO - [2023-09-13T09:20:15.173+0000] {dagbag.py:539} INFO - Filling up the DagBag from /opt/airflow/dags/first_dag.py
[2023-09-13T09:20:15.181+0000] {logging_mixin.py:151} INFO - starting
[2023-09-13T09:20:15.185+0000] {logging_mixin.py:151} INFO - All Dag modules are ok ........
[2023-09-13T09:20:15.188+0000] {logging_mixin.py:151} INFO - completed
[2023-09-13T09:20:15.191+0000] {processor.py:839} INFO - DAG(s) dict_keys(['first_dag']) retrieved from /opt/airflow/dags/first_dag.py
[2023-09-13T09:20:15.210+0000] {logging_mixin.py:151} INFO - [2023-09-13T09:20:15.210+0000] {dag.py:2915} INFO - Sync 1 DAGs
[2023-09-13T09:20:15.222+0000] {logging_mixin.py:151} INFO - [2023-09-13T09:20:15.222+0000] {dag.py:3696} INFO - Setting next_dagrun for first_dag to 2023-09-12T00:00:00+00:00, run_after=2023-09-13T00:00:00+00:00
[2023-09-13T09:20:15.229+0000] {processor.py:179} INFO - Processing /opt/airflow/dags/first_dag.py took 0.063 seconds
[2023-09-13T09:20:45.431+0000] {processor.py:157} INFO - Started process (PID=47) to work on /opt/airflow/dags/first_dag.py
[2023-09-13T09:20:45.432+0000] {processor.py:829} INFO - Processing file /opt/airflow/dags/first_dag.py for tasks to queue
[2023-09-13T09:20:45.434+0000] {logging_mixin.py:151} INFO - [2023-09-13T09:20:45.434+0000] {dagbag.py:539} INFO - Filling up the DagBag from /opt/airflow/dags/first_dag.py
[2023-09-13T09:20:45.442+0000] {logging_mixin.py:151} INFO - starting
[2023-09-13T09:20:45.446+0000] {logging_mixin.py:151} INFO - All Dag modules are ok ........
[2023-09-13T09:20:45.449+0000] {logging_mixin.py:151} INFO - completed
[2023-09-13T09:20:45.452+0000] {processor.py:839} INFO - DAG(s) dict_keys(['first_dag']) retrieved from /opt/airflow/dags/first_dag.py
[2023-09-13T09:20:45.472+0000] {logging_mixin.py:151} INFO - [2023-09-13T09:20:45.472+0000] {dag.py:2915} INFO - Sync 1 DAGs
[2023-09-13T09:20:45.482+0000] {logging_mixin.py:151} INFO - [2023-09-13T09:20:45.482+0000] {dag.py:3696} INFO - Setting next_dagrun for first_dag to 2023-09-12T00:00:00+00:00, run_after=2023-09-13T00:00:00+00:00
[2023-09-13T09:20:45.490+0000] {processor.py:179} INFO - Processing /opt/airflow/dags/first_dag.py took 0.063 seconds
[2023-09-13T09:21:15.743+0000] {processor.py:157} INFO - Started process (PID=55) to work on /opt/airflow/dags/first_dag.py
[2023-09-13T09:21:15.744+0000] {processor.py:829} INFO - Processing file /opt/airflow/dags/first_dag.py for tasks to queue
[2023-09-13T09:21:15.746+0000] {logging_mixin.py:151} INFO - [2023-09-13T09:21:15.746+0000] {dagbag.py:539} INFO - Filling up the DagBag from /opt/airflow/dags/first_dag.py
[2023-09-13T09:21:15.754+0000] {logging_mixin.py:151} INFO - starting
[2023-09-13T09:21:15.758+0000] {logging_mixin.py:151} INFO - All Dag modules are ok ........
[2023-09-13T09:21:15.763+0000] {logging_mixin.py:151} INFO - completed
[2023-09-13T09:21:15.767+0000] {processor.py:839} INFO - DAG(s) dict_keys(['first_dag']) retrieved from /opt/airflow/dags/first_dag.py
[2023-09-13T09:21:15.784+0000] {logging_mixin.py:151} INFO - [2023-09-13T09:21:15.784+0000] {dag.py:2915} INFO - Sync 1 DAGs
[2023-09-13T09:21:15.795+0000] {logging_mixin.py:151} INFO - [2023-09-13T09:21:15.794+0000] {dag.py:3696} INFO - Setting next_dagrun for first_dag to 2023-09-12T00:00:00+00:00, run_after=2023-09-13T00:00:00+00:00
[2023-09-13T09:21:15.802+0000] {processor.py:179} INFO - Processing /opt/airflow/dags/first_dag.py took 0.063 seconds
[2023-09-13T09:21:46.065+0000] {processor.py:157} INFO - Started process (PID=63) to work on /opt/airflow/dags/first_dag.py
[2023-09-13T09:21:46.066+0000] {processor.py:829} INFO - Processing file /opt/airflow/dags/first_dag.py for tasks to queue
[2023-09-13T09:21:46.069+0000] {logging_mixin.py:151} INFO - [2023-09-13T09:21:46.068+0000] {dagbag.py:539} INFO - Filling up the DagBag from /opt/airflow/dags/first_dag.py
[2023-09-13T09:21:46.077+0000] {logging_mixin.py:151} INFO - starting
[2023-09-13T09:21:46.080+0000] {logging_mixin.py:151} INFO - All Dag modules are ok ........
[2023-09-13T09:21:46.084+0000] {logging_mixin.py:151} INFO - completed
[2023-09-13T09:21:46.088+0000] {processor.py:839} INFO - DAG(s) dict_keys(['first_dag']) retrieved from /opt/airflow/dags/first_dag.py
[2023-09-13T09:21:46.107+0000] {logging_mixin.py:151} INFO - [2023-09-13T09:21:46.107+0000] {dag.py:2915} INFO - Sync 1 DAGs
[2023-09-13T09:21:46.118+0000] {logging_mixin.py:151} INFO - [2023-09-13T09:21:46.118+0000] {dag.py:3696} INFO - Setting next_dagrun for first_dag to 2023-09-12T00:00:00+00:00, run_after=2023-09-13T00:00:00+00:00
[2023-09-13T09:21:46.125+0000] {processor.py:179} INFO - Processing /opt/airflow/dags/first_dag.py took 0.064 seconds
[2023-09-13T09:23:29.201+0000] {processor.py:157} INFO - Started process (PID=64) to work on /opt/airflow/dags/first_dag.py
[2023-09-13T09:23:29.202+0000] {processor.py:829} INFO - Processing file /opt/airflow/dags/first_dag.py for tasks to queue
[2023-09-13T09:23:29.205+0000] {logging_mixin.py:151} INFO - [2023-09-13T09:23:29.204+0000] {dagbag.py:539} INFO - Filling up the DagBag from /opt/airflow/dags/first_dag.py
[2023-09-13T09:23:29.212+0000] {logging_mixin.py:151} INFO - starting
[2023-09-13T09:23:29.216+0000] {logging_mixin.py:151} INFO - All Dag modules are ok ........
[2023-09-13T09:23:29.219+0000] {logging_mixin.py:151} INFO - completed
[2023-09-13T09:23:29.222+0000] {processor.py:839} INFO - DAG(s) dict_keys(['first_dag']) retrieved from /opt/airflow/dags/first_dag.py
[2023-09-13T09:23:29.240+0000] {logging_mixin.py:151} INFO - [2023-09-13T09:23:29.240+0000] {dag.py:2915} INFO - Sync 1 DAGs
[2023-09-13T09:23:29.250+0000] {logging_mixin.py:151} INFO - [2023-09-13T09:23:29.250+0000] {dag.py:3696} INFO - Setting next_dagrun for first_dag to 2023-09-12T00:00:00+00:00, run_after=2023-09-13T00:00:00+00:00
[2023-09-13T09:23:29.257+0000] {processor.py:179} INFO - Processing /opt/airflow/dags/first_dag.py took 0.060 seconds
[2023-09-13T09:27:06.324+0000] {processor.py:157} INFO - Started process (PID=65) to work on /opt/airflow/dags/first_dag.py
[2023-09-13T09:27:06.325+0000] {processor.py:829} INFO - Processing file /opt/airflow/dags/first_dag.py for tasks to queue
[2023-09-13T09:27:06.327+0000] {logging_mixin.py:151} INFO - [2023-09-13T09:27:06.327+0000] {dagbag.py:539} INFO - Filling up the DagBag from /opt/airflow/dags/first_dag.py
[2023-09-13T09:27:06.333+0000] {logging_mixin.py:151} INFO - starting
[2023-09-13T09:27:06.336+0000] {logging_mixin.py:151} INFO - All Dag modules are ok ........
[2023-09-13T09:27:06.339+0000] {logging_mixin.py:151} INFO - completed
[2023-09-13T09:27:06.342+0000] {processor.py:839} INFO - DAG(s) dict_keys(['first_dag']) retrieved from /opt/airflow/dags/first_dag.py
[2023-09-13T09:27:06.378+0000] {logging_mixin.py:151} INFO - [2023-09-13T09:27:06.378+0000] {dag.py:2915} INFO - Sync 1 DAGs
[2023-09-13T09:27:06.395+0000] {logging_mixin.py:151} INFO - [2023-09-13T09:27:06.395+0000] {dag.py:3696} INFO - Setting next_dagrun for first_dag to 2023-09-12T00:00:00+00:00, run_after=2023-09-13T00:00:00+00:00
[2023-09-13T09:27:06.413+0000] {processor.py:179} INFO - Processing /opt/airflow/dags/first_dag.py took 0.092 seconds
[2023-09-13T09:27:36.620+0000] {processor.py:157} INFO - Started process (PID=73) to work on /opt/airflow/dags/first_dag.py
[2023-09-13T09:27:36.621+0000] {processor.py:829} INFO - Processing file /opt/airflow/dags/first_dag.py for tasks to queue
[2023-09-13T09:27:36.625+0000] {logging_mixin.py:151} INFO - [2023-09-13T09:27:36.625+0000] {dagbag.py:539} INFO - Filling up the DagBag from /opt/airflow/dags/first_dag.py
[2023-09-13T09:27:36.635+0000] {logging_mixin.py:151} INFO - starting
[2023-09-13T09:27:36.638+0000] {logging_mixin.py:151} INFO - All Dag modules are ok ........
[2023-09-13T09:27:36.642+0000] {logging_mixin.py:151} INFO - completed
[2023-09-13T09:27:36.646+0000] {processor.py:839} INFO - DAG(s) dict_keys(['first_dag']) retrieved from /opt/airflow/dags/first_dag.py
[2023-09-13T09:27:36.668+0000] {logging_mixin.py:151} INFO - [2023-09-13T09:27:36.668+0000] {dag.py:2915} INFO - Sync 1 DAGs
[2023-09-13T09:27:36.680+0000] {logging_mixin.py:151} INFO - [2023-09-13T09:27:36.680+0000] {dag.py:3696} INFO - Setting next_dagrun for first_dag to 2023-09-12T00:00:00+00:00, run_after=2023-09-13T00:00:00+00:00
[2023-09-13T09:27:36.688+0000] {processor.py:179} INFO - Processing /opt/airflow/dags/first_dag.py took 0.073 seconds
[2023-09-13T09:28:06.985+0000] {processor.py:157} INFO - Started process (PID=81) to work on /opt/airflow/dags/first_dag.py
[2023-09-13T09:28:06.986+0000] {processor.py:829} INFO - Processing file /opt/airflow/dags/first_dag.py for tasks to queue
[2023-09-13T09:28:06.990+0000] {logging_mixin.py:151} INFO - [2023-09-13T09:28:06.989+0000] {dagbag.py:539} INFO - Filling up the DagBag from /opt/airflow/dags/first_dag.py
[2023-09-13T09:28:06.999+0000] {logging_mixin.py:151} INFO - starting
[2023-09-13T09:28:07.003+0000] {logging_mixin.py:151} INFO - All Dag modules are ok ........
[2023-09-13T09:28:07.006+0000] {logging_mixin.py:151} INFO - completed
[2023-09-13T09:28:07.010+0000] {processor.py:839} INFO - DAG(s) dict_keys(['first_dag']) retrieved from /opt/airflow/dags/first_dag.py
[2023-09-13T09:28:07.030+0000] {logging_mixin.py:151} INFO - [2023-09-13T09:28:07.030+0000] {dag.py:2915} INFO - Sync 1 DAGs
[2023-09-13T09:28:07.041+0000] {logging_mixin.py:151} INFO - [2023-09-13T09:28:07.041+0000] {dag.py:3696} INFO - Setting next_dagrun for first_dag to 2023-09-12T00:00:00+00:00, run_after=2023-09-13T00:00:00+00:00
[2023-09-13T09:28:07.048+0000] {processor.py:179} INFO - Processing /opt/airflow/dags/first_dag.py took 0.068 seconds
[2023-09-13T09:28:37.298+0000] {processor.py:157} INFO - Started process (PID=90) to work on /opt/airflow/dags/first_dag.py
[2023-09-13T09:28:37.298+0000] {processor.py:829} INFO - Processing file /opt/airflow/dags/first_dag.py for tasks to queue
[2023-09-13T09:28:37.300+0000] {logging_mixin.py:151} INFO - [2023-09-13T09:28:37.300+0000] {dagbag.py:539} INFO - Filling up the DagBag from /opt/airflow/dags/first_dag.py
[2023-09-13T09:28:37.306+0000] {logging_mixin.py:151} INFO - starting
[2023-09-13T09:28:37.308+0000] {logging_mixin.py:151} INFO - All Dag modules are ok ........
[2023-09-13T09:28:37.311+0000] {logging_mixin.py:151} INFO - completed
[2023-09-13T09:28:37.313+0000] {processor.py:839} INFO - DAG(s) dict_keys(['first_dag']) retrieved from /opt/airflow/dags/first_dag.py
[2023-09-13T09:28:37.331+0000] {logging_mixin.py:151} INFO - [2023-09-13T09:28:37.331+0000] {dag.py:2915} INFO - Sync 1 DAGs
[2023-09-13T09:28:37.342+0000] {logging_mixin.py:151} INFO - [2023-09-13T09:28:37.342+0000] {dag.py:3696} INFO - Setting next_dagrun for first_dag to 2023-09-12T00:00:00+00:00, run_after=2023-09-13T00:00:00+00:00
[2023-09-13T09:28:37.350+0000] {processor.py:179} INFO - Processing /opt/airflow/dags/first_dag.py took 0.054 seconds
[2023-09-13T09:29:07.618+0000] {processor.py:157} INFO - Started process (PID=98) to work on /opt/airflow/dags/first_dag.py
[2023-09-13T09:29:07.619+0000] {processor.py:829} INFO - Processing file /opt/airflow/dags/first_dag.py for tasks to queue
[2023-09-13T09:29:07.622+0000] {logging_mixin.py:151} INFO - [2023-09-13T09:29:07.622+0000] {dagbag.py:539} INFO - Filling up the DagBag from /opt/airflow/dags/first_dag.py
[2023-09-13T09:29:07.630+0000] {logging_mixin.py:151} INFO - starting
[2023-09-13T09:29:07.634+0000] {logging_mixin.py:151} INFO - All Dag modules are ok ........
[2023-09-13T09:29:07.636+0000] {logging_mixin.py:151} INFO - completed
[2023-09-13T09:29:07.639+0000] {processor.py:839} INFO - DAG(s) dict_keys(['first_dag']) retrieved from /opt/airflow/dags/first_dag.py
[2023-09-13T09:29:07.657+0000] {logging_mixin.py:151} INFO - [2023-09-13T09:29:07.657+0000] {dag.py:2915} INFO - Sync 1 DAGs
[2023-09-13T09:29:07.667+0000] {logging_mixin.py:151} INFO - [2023-09-13T09:29:07.667+0000] {dag.py:3696} INFO - Setting next_dagrun for first_dag to 2023-09-12T00:00:00+00:00, run_after=2023-09-13T00:00:00+00:00
[2023-09-13T09:29:07.674+0000] {processor.py:179} INFO - Processing /opt/airflow/dags/first_dag.py took 0.060 seconds
